   1               		.file	"button.c"
   2               	__SREG__ = 0x3f
   3               	__SP_H__ = 0x3e
   4               	__SP_L__ = 0x3d
   5               	__CCP__  = 0x34
   6               	__tmp_reg__ = 0
   7               	__zero_reg__ = 1
  15               	.Ltext0:
  16               		.section	.text.getkey,"ax",@progbits
  17               	.global	getkey
  19               	getkey:
  20               	.LFB6:
  21               	.LSM0:
  22               	/* prologue: function */
  23               	/* frame size = 0 */
  24               	.LSM1:
  25               	/* #APP */
  26               	 ;  190 "src/drv/button.c" 1
  27 0000 F894      		cli
  28               	 ;  0 "" 2
  29               	.LSM2:
  30               	/* #NOAPP */
  31 0002 8091 0000 		lds r24,KEY_VALID
  32 0006 8823      		tst r24
  33 0008 01F0      		breq .L3
  34               	.LSM3:
  35 000a 8091 0000 		lds r24,KEY
  36               	.LVL0:
  37               	.LSM4:
  38 000e 1092 0000 		sts KEY_VALID,__zero_reg__
  39               	.L3:
  40               	.LSM5:
  41               	/* #APP */
  42               	 ;  200 "src/drv/button.c" 1
  43 0012 7894      		sei
  44               	 ;  0 "" 2
  45               	.LVL1:
  46               	/* epilogue start */
  47               	.LSM6:
  48               	/* #NOAPP */
  49 0014 0895      		ret
  50               	.LFE6:
  52               		.section	.text.PinChangeInterrupt,"ax",@progbits
  53               	.global	PinChangeInterrupt
  55               	PinChangeInterrupt:
  56               	.LFB5:
  57               	.LSM7:
  58               	/* prologue: function */
  59               	/* frame size = 0 */
  60               	.LSM8:
  61 0000 83B1      		in r24,35-32
  62               	.LSM9:
  63 0002 2CB1      		in r18,44-32
  64 0004 2095      		com r18
  65 0006 2C70      		andi r18,lo8(12)
  66 0008 8095      		com r24
  67 000a 807D      		andi r24,lo8(-48)
  68 000c 282B      		or r18,r24
  69               	.LSM10:
  70 000e 26FF      		sbrs r18,6
  71 0010 00C0      		rjmp .L6
  72 0012 94E0      		ldi r25,lo8(4)
  73               	.LVL2:
  74 0014 00C0      		rjmp .L7
  75               	.LVL3:
  76               	.L6:
  77               	.LSM11:
  78 0016 27FF      		sbrs r18,7
  79 0018 00C0      		rjmp .L8
  80 001a 95E0      		ldi r25,lo8(5)
  81               	.LVL4:
  82 001c 00C0      		rjmp .L7
  83               	.LVL5:
  84               	.L8:
  85               	.LSM12:
  86 001e 22FF      		sbrs r18,2
  87 0020 00C0      		rjmp .L9
  88 0022 93E0      		ldi r25,lo8(3)
  89               	.LVL6:
  90 0024 00C0      		rjmp .L7
  91               	.LVL7:
  92               	.L9:
  93               	.LSM13:
  94 0026 23FF      		sbrs r18,3
  95 0028 00C0      		rjmp .L10
  96 002a 92E0      		ldi r25,lo8(2)
  97               	.LVL8:
  98 002c 00C0      		rjmp .L7
  99               	.LVL9:
 100               	.L10:
 101               	.LSM14:
 102 002e 24FF      		sbrs r18,4
 103 0030 00C0      		rjmp .L11
 104 0032 91E0      		ldi r25,lo8(1)
 105               	.LVL10:
 106               	.L7:
 107               	.LSM15:
 108 0034 8091 0000 		lds r24,gButtonTimeout
 109 0038 8823      		tst r24
 110 003a 01F0      		breq .L11
 111               	.LSM16:
 112 003c 8091 0000 		lds r24,KEY_VALID
 113 0040 8823      		tst r24
 114 0042 01F4      		brne .L12
 115               	.LSM17:
 116 0044 9093 0000 		sts KEY,r25
 117               	.LSM18:
 118 0048 81E0      		ldi r24,lo8(1)
 119 004a 8093 0000 		sts KEY_VALID,r24
 120               	.LSM19:
 121 004e 8091 0000 		lds r24,gKeyClickStatus
 122 0052 8823      		tst r24
 123 0054 01F0      		breq .L12
 124               	.LSM20:
 125 0056 0E94 0000 		call PlayClick
 126               	.LVL11:
 127               	.L12:
 128               	.LSM21:
 129 005a 1092 0000 		sts gButtonTimeout,__zero_reg__
 130               	.L11:
 131               	.LSM22:
 132 005e 80EC      		ldi r24,lo8(-64)
 133 0060 8CBB      		out 60-32,r24
 134               	.LSM23:
 135 0062 1092 0000 		sts gPowerSaveTimer,__zero_reg__
 136               	/* epilogue start */
 137               	.LSM24:
 138 0066 0895      		ret
 139               	.LFE5:
 141               		.section	.text.__vector_3,"ax",@progbits
 142               	.global	__vector_3
 144               	__vector_3:
 145               	.LFB4:
 146               	.LSM25:
 147 0000 1F92      		push __zero_reg__
 148 0002 0F92      		push r0
 149 0004 0FB6      		in r0,__SREG__
 150 0006 0F92      		push r0
 151 0008 1124      		clr __zero_reg__
 152 000a 2F93      		push r18
 153 000c 3F93      		push r19
 154 000e 4F93      		push r20
 155 0010 5F93      		push r21
 156 0012 6F93      		push r22
 157 0014 7F93      		push r23
 158 0016 8F93      		push r24
 159 0018 9F93      		push r25
 160 001a AF93      		push r26
 161 001c BF93      		push r27
 162 001e EF93      		push r30
 163 0020 FF93      		push r31
 164               	/* prologue: Signal */
 165               	/* frame size = 0 */
 166               	.LSM26:
 167 0022 0E94 0000 		call PinChangeInterrupt
 168               	/* epilogue start */
 169               	.LSM27:
 170 0026 FF91      		pop r31
 171 0028 EF91      		pop r30
 172 002a BF91      		pop r27
 173 002c AF91      		pop r26
 174 002e 9F91      		pop r25
 175 0030 8F91      		pop r24
 176 0032 7F91      		pop r23
 177 0034 6F91      		pop r22
 178 0036 5F91      		pop r21
 179 0038 4F91      		pop r20
 180 003a 3F91      		pop r19
 181 003c 2F91      		pop r18
 182 003e 0F90      		pop r0
 183 0040 0FBE      		out __SREG__,r0
 184 0042 0F90      		pop r0
 185 0044 1F90      		pop __zero_reg__
 186 0046 1895      		reti
 187               	.LFE4:
 189               		.section	.text.__vector_2,"ax",@progbits
 190               	.global	__vector_2
 192               	__vector_2:
 193               	.LFB3:
 194               	.LSM28:
 195 0000 1F92      		push __zero_reg__
 196 0002 0F92      		push r0
 197 0004 0FB6      		in r0,__SREG__
 198 0006 0F92      		push r0
 199 0008 1124      		clr __zero_reg__
 200 000a 2F93      		push r18
 201 000c 3F93      		push r19
 202 000e 4F93      		push r20
 203 0010 5F93      		push r21
 204 0012 6F93      		push r22
 205 0014 7F93      		push r23
 206 0016 8F93      		push r24
 207 0018 9F93      		push r25
 208 001a AF93      		push r26
 209 001c BF93      		push r27
 210 001e EF93      		push r30
 211 0020 FF93      		push r31
 212               	/* prologue: Signal */
 213               	/* frame size = 0 */
 214               	.LSM29:
 215 0022 0E94 0000 		call PinChangeInterrupt
 216               	/* epilogue start */
 217               	.LSM30:
 218 0026 FF91      		pop r31
 219 0028 EF91      		pop r30
 220 002a BF91      		pop r27
 221 002c AF91      		pop r26
 222 002e 9F91      		pop r25
 223 0030 8F91      		pop r24
 224 0032 7F91      		pop r23
 225 0034 6F91      		pop r22
 226 0036 5F91      		pop r21
 227 0038 4F91      		pop r20
 228 003a 3F91      		pop r19
 229 003c 2F91      		pop r18
 230 003e 0F90      		pop r0
 231 0040 0FBE      		out __SREG__,r0
 232 0042 0F90      		pop r0
 233 0044 1F90      		pop __zero_reg__
 234 0046 1895      		reti
 235               	.LFE3:
 237               		.section	.text.Button_Init,"ax",@progbits
 238               	.global	Button_Init
 240               	Button_Init:
 241               	.LFB2:
 242               	.LSM31:
 243               	/* prologue: function */
 244               	/* frame size = 0 */
 245               	.LSM32:
 246 0000 2798      		cbi 36-32,7
 247               	.LSM33:
 248 0002 2698      		cbi 36-32,6
 249               	.LSM34:
 250 0004 2498      		cbi 36-32,4
 251               	.LSM35:
 252 0006 85B1      		in r24,37-32
 253 0008 806D      		ori r24,lo8(-48)
 254 000a 85B9      		out 37-32,r24
 255               	.LSM36:
 256 000c 1DB8      		out 45-32,__zero_reg__
 257               	.LSM37:
 258 000e 8EB1      		in r24,46-32
 259 0010 8C60      		ori r24,lo8(12)
 260 0012 8EB9      		out 46-32,r24
 261               	.LSM38:
 262 0014 8CE0      		ldi r24,lo8(12)
 263 0016 8093 6B00 		sts 107,r24
 264               	.LSM39:
 265 001a 80ED      		ldi r24,lo8(-48)
 266 001c 8093 6C00 		sts 108,r24
 267               	.LSM40:
 268 0020 80EC      		ldi r24,lo8(-64)
 269 0022 8CBB      		out 60-32,r24
 270               	.LSM41:
 271 0024 8DBB      		out 61-32,r24
 272               	.LSM42:
 273 0026 0E94 0000 		call Timer0_AllocateCountdownTimer
 274 002a 8093 0000 		sts CountdownTimerHandle,r24
 275               	/* epilogue start */
 276               	.LSM43:
 277 002e 0895      		ret
 278               	.LFE2:
 280               	.global	gButtonTimeout
 281               		.section	.bss.gButtonTimeout,"aw",@nobits
 284               	gButtonTimeout:
 285 0000 00        		.skip 1,0
 286               	.global	KEY
 287               		.section	.bss.KEY,"aw",@nobits
 290               	KEY:
 291 0000 00        		.skip 1,0
 292               	.global	KEY_VALID
 293               		.section	.bss.KEY_VALID,"aw",@nobits
 296               	KEY_VALID:
 297 0000 00        		.skip 1,0
 298               		.comm CountdownTimerHandle,1,1
 355               	.Letext0:
DEFINED SYMBOLS
                            *ABS*:00000000 button.c
C:\Users\MainUser\AppData\Local\Temp/ccnl2Ksh.s:2      *ABS*:0000003f __SREG__
C:\Users\MainUser\AppData\Local\Temp/ccnl2Ksh.s:3      *ABS*:0000003e __SP_H__
C:\Users\MainUser\AppData\Local\Temp/ccnl2Ksh.s:4      *ABS*:0000003d __SP_L__
C:\Users\MainUser\AppData\Local\Temp/ccnl2Ksh.s:5      *ABS*:00000034 __CCP__
C:\Users\MainUser\AppData\Local\Temp/ccnl2Ksh.s:6      *ABS*:00000000 __tmp_reg__
C:\Users\MainUser\AppData\Local\Temp/ccnl2Ksh.s:7      *ABS*:00000001 __zero_reg__
C:\Users\MainUser\AppData\Local\Temp/ccnl2Ksh.s:19     .text.getkey:00000000 getkey
C:\Users\MainUser\AppData\Local\Temp/ccnl2Ksh.s:296    .bss.KEY_VALID:00000000 KEY_VALID
C:\Users\MainUser\AppData\Local\Temp/ccnl2Ksh.s:290    .bss.KEY:00000000 KEY
C:\Users\MainUser\AppData\Local\Temp/ccnl2Ksh.s:55     .text.PinChangeInterrupt:00000000 PinChangeInterrupt
C:\Users\MainUser\AppData\Local\Temp/ccnl2Ksh.s:284    .bss.gButtonTimeout:00000000 gButtonTimeout
C:\Users\MainUser\AppData\Local\Temp/ccnl2Ksh.s:144    .text.__vector_3:00000000 __vector_3
C:\Users\MainUser\AppData\Local\Temp/ccnl2Ksh.s:192    .text.__vector_2:00000000 __vector_2
C:\Users\MainUser\AppData\Local\Temp/ccnl2Ksh.s:240    .text.Button_Init:00000000 Button_Init
                            *COM*:00000001 CountdownTimerHandle

UNDEFINED SYMBOLS
gKeyClickStatus
PlayClick
gPowerSaveTimer
Timer0_AllocateCountdownTimer
__do_clear_bss
